  OpenCV.cpp
C:\Users\Avyr\Google Drive\UP\Materias\Procesamiento de imágenes\Prácticas\Práctica 4 Transformaciones geométricas\TransformacionesGeometrica\TransformacionesGeometrica\OpenCV.cpp(27,20): warning C4305: 'inicializando': truncamiento de 'double' a 'float'
C:\Users\Avyr\Google Drive\UP\Materias\Procesamiento de imágenes\Prácticas\Práctica 4 Transformaciones geométricas\TransformacionesGeometrica\TransformacionesGeometrica\OpenCV.cpp(28,20): warning C4305: 'inicializando': truncamiento de 'double' a 'float'
C:\Users\Avyr\Google Drive\UP\Materias\Procesamiento de imágenes\Prácticas\Práctica 4 Transformaciones geométricas\TransformacionesGeometrica\TransformacionesGeometrica\OpenCV.cpp(157,46): warning C4244: '=': conversión de 'float' a 'int'; posible pérdida de datos
C:\Users\Avyr\Google Drive\UP\Materias\Procesamiento de imágenes\Prácticas\Práctica 4 Transformaciones geométricas\TransformacionesGeometrica\TransformacionesGeometrica\OpenCV.cpp(158,46): warning C4244: '=': conversión de 'float' a 'int'; posible pérdida de datos
C:\Users\Avyr\Google Drive\UP\Materias\Procesamiento de imágenes\Prácticas\Práctica 4 Transformaciones geométricas\TransformacionesGeometrica\TransformacionesGeometrica\OpenCV.cpp(145,25): warning C4101: 'min_w': variable local sin referencia
C:\Users\Avyr\Google Drive\UP\Materias\Procesamiento de imágenes\Prácticas\Práctica 4 Transformaciones geométricas\TransformacionesGeometrica\TransformacionesGeometrica\OpenCV.cpp(145,18): warning C4101: 'min_v': variable local sin referencia
C:\Users\Avyr\Google Drive\UP\Materias\Procesamiento de imágenes\Prácticas\Práctica 4 Transformaciones geométricas\TransformacionesGeometrica\TransformacionesGeometrica\OpenCV.cpp(197,46): warning C4244: '=': conversión de 'double' a 'int'; posible pérdida de datos
C:\Users\Avyr\Google Drive\UP\Materias\Procesamiento de imágenes\Prácticas\Práctica 4 Transformaciones geométricas\TransformacionesGeometrica\TransformacionesGeometrica\OpenCV.cpp(198,46): warning C4244: '=': conversión de 'double' a 'int'; posible pérdida de datos
C:\Users\Avyr\Google Drive\UP\Materias\Procesamiento de imágenes\Prácticas\Práctica 4 Transformaciones geométricas\TransformacionesGeometrica\TransformacionesGeometrica\OpenCV.cpp(280,46): warning C4838: la conversión de 'int' en 'float' requiere una conversión de restricción
C:\Users\Avyr\Google Drive\UP\Materias\Procesamiento de imágenes\Prácticas\Práctica 4 Transformaciones geométricas\TransformacionesGeometrica\TransformacionesGeometrica\OpenCV.cpp(280,46): warning C4244: 'inicializando': conversión de 'int' a 'float'; posible pérdida de datos
C:\Users\Avyr\Google Drive\UP\Materias\Procesamiento de imágenes\Prácticas\Práctica 4 Transformaciones geométricas\TransformacionesGeometrica\TransformacionesGeometrica\OpenCV.cpp(280,50): warning C4838: la conversión de 'int' en 'float' requiere una conversión de restricción
C:\Users\Avyr\Google Drive\UP\Materias\Procesamiento de imágenes\Prácticas\Práctica 4 Transformaciones geométricas\TransformacionesGeometrica\TransformacionesGeometrica\OpenCV.cpp(280,50): warning C4244: 'inicializando': conversión de 'int' a 'float'; posible pérdida de datos
C:\Users\Avyr\Google Drive\UP\Materias\Procesamiento de imágenes\Prácticas\Práctica 4 Transformaciones geométricas\TransformacionesGeometrica\TransformacionesGeometrica\OpenCV.cpp(289,43): warning C4244: '=': conversión de 'float' a 'int'; posible pérdida de datos
C:\Users\Avyr\Google Drive\UP\Materias\Procesamiento de imágenes\Prácticas\Práctica 4 Transformaciones geométricas\TransformacionesGeometrica\TransformacionesGeometrica\OpenCV.cpp(290,43): warning C4244: '=': conversión de 'float' a 'int'; posible pérdida de datos
C:\Users\Avyr\Google Drive\UP\Materias\Procesamiento de imágenes\Prácticas\Práctica 4 Transformaciones geométricas\TransformacionesGeometrica\TransformacionesGeometrica\OpenCV.cpp(301,28): warning C4244: '=': conversión de 'float' a 'int'; posible pérdida de datos
C:\Users\Avyr\Google Drive\UP\Materias\Procesamiento de imágenes\Prácticas\Práctica 4 Transformaciones geométricas\TransformacionesGeometrica\TransformacionesGeometrica\OpenCV.cpp(304,28): warning C4244: '=': conversión de 'float' a 'int'; posible pérdida de datos
C:\Users\Avyr\Google Drive\UP\Materias\Procesamiento de imágenes\Prácticas\Práctica 4 Transformaciones geométricas\TransformacionesGeometrica\TransformacionesGeometrica\OpenCV.cpp(313,43): warning C4244: '=': conversión de 'float' a 'int'; posible pérdida de datos
C:\Users\Avyr\Google Drive\UP\Materias\Procesamiento de imágenes\Prácticas\Práctica 4 Transformaciones geométricas\TransformacionesGeometrica\TransformacionesGeometrica\OpenCV.cpp(314,43): warning C4244: '=': conversión de 'float' a 'int'; posible pérdida de datos
C:\Users\Avyr\Google Drive\UP\Materias\Procesamiento de imágenes\Prácticas\Práctica 4 Transformaciones geométricas\TransformacionesGeometrica\TransformacionesGeometrica\OpenCV.cpp(326,28): warning C4244: '=': conversión de 'float' a 'int'; posible pérdida de datos
C:\Users\Avyr\Google Drive\UP\Materias\Procesamiento de imágenes\Prácticas\Práctica 4 Transformaciones geométricas\TransformacionesGeometrica\TransformacionesGeometrica\OpenCV.cpp(329,28): warning C4244: '=': conversión de 'float' a 'int'; posible pérdida de datos
C:\Users\Avyr\Google Drive\UP\Materias\Procesamiento de imágenes\Prácticas\Práctica 4 Transformaciones geométricas\TransformacionesGeometrica\TransformacionesGeometrica\OpenCV.cpp(338,43): warning C4244: '=': conversión de 'float' a 'int'; posible pérdida de datos
C:\Users\Avyr\Google Drive\UP\Materias\Procesamiento de imágenes\Prácticas\Práctica 4 Transformaciones geométricas\TransformacionesGeometrica\TransformacionesGeometrica\OpenCV.cpp(339,43): warning C4244: '=': conversión de 'float' a 'int'; posible pérdida de datos
  TransformacionesGeometrica.vcxproj -> C:\Users\Avyr\Google Drive\UP\Materias\Procesamiento de imágenes\Prácticas\Práctica 4 Transformaciones geométricas\TransformacionesGeometrica\x64\Debug\TransformacionesGeometrica.exe
